<?xml version="1.0" encoding="UTF-8"?>
<!-- Generated by org.testng.reporters.JUnitXMLReporter -->
<testsuite ignored="13" hostname="DESKTOP-FLUNI64" failures="0" tests="1" name="Default test" time="15.488" errors="0" timestamp="2024-12-11T11:14:17 IST">
  <testcase classname="com.orangehrm.qa.testcases.LoginPageTest" name="validateBrandLogoTest" time="1.349"/>
  <testcase classname="com.orangehrm.qa.testcases.LoginPageTest" name="verifyLoginTest" time="0.0">
    <ignored/>
  </testcase> <!-- verifyLoginTest -->
  <testcase classname="com.orangehrm.qa.testcases.LoginPageTest" name="validateViewPasswordTest" time="0.0">
    <ignored/>
  </testcase> <!-- validateViewPasswordTest -->
  <testcase classname="com.orangehrm.qa.testcases.LoginPageTest" name="clickOrangehrmWebsiteTest" time="0.0">
    <ignored/>
  </testcase> <!-- clickOrangehrmWebsiteTest -->
  <testcase classname="com.orangehrm.qa.testcases.LoginPageTest" name="clickOnForgtPasswordLinkTest" time="0.0">
    <ignored/>
  </testcase> <!-- clickOnForgtPasswordLinkTest -->
  <testcase classname="com.orangehrm.qa.testcases.LoginPageTest" name="validateIconPersonTest" time="0.0">
    <ignored/>
  </testcase> <!-- validateIconPersonTest -->
  <testcase classname="com.orangehrm.qa.testcases.LoginPageTest" name="validateDemoUserTest" time="0.0">
    <ignored/>
  </testcase> <!-- validateDemoUserTest -->
  <testcase classname="com.orangehrm.qa.testcases.LoginPageTest" name="validateViewVersionTest" time="0.0">
    <ignored/>
  </testcase> <!-- validateViewVersionTest -->
  <testcase classname="com.orangehrm.qa.testcases.LoginPageTest" name="validateDemoPasswordTest" time="0.0">
    <ignored/>
  </testcase> <!-- validateDemoPasswordTest -->
  <testcase classname="com.orangehrm.qa.testcases.LoginPageTest" name="validateIconUserTest" time="0.0">
    <ignored/>
  </testcase> <!-- validateIconUserTest -->
  <testcase classname="com.orangehrm.qa.testcases.LoginPageTest" name="validateLogoHeaderTest" time="0.0">
    <ignored/>
  </testcase> <!-- validateLogoHeaderTest -->
  <testcase classname="com.orangehrm.qa.testcases.LoginPageTest" name="validateViewUsernameTest" time="0.0">
    <ignored/>
  </testcase> <!-- validateViewUsernameTest -->
  <testcase classname="com.orangehrm.qa.testcases.LoginPageTest" name="validateViewSocialLinksTest" time="0.0">
    <ignored/>
  </testcase> <!-- validateViewSocialLinksTest -->
  <testcase classname="com.orangehrm.qa.testcases.LoginPageTest" name="validateViewCopyRightsTest" time="0.0">
    <ignored/>
  </testcase> <!-- validateViewCopyRightsTest -->
</testsuite> <!-- Default test -->
